0 verbose cli C:\Program Files\nodejs\node.exe C:\Program Files\nodejs\node_modules\npm\bin\npm-cli.js
1 info using npm@11.9.0
2 info using node@v24.14.0
3 silly config load:file:C:\Program Files\nodejs\node_modules\npm\npmrc
4 silly config load:file:C:\Users\abhir\Downloads\b_GtcaF8inALf\.npmrc
5 silly config load:file:C:\Users\abhir\.npmrc
6 silly config load:file:C:\Users\abhir\AppData\Roaming\npm\etc\npmrc
7 verbose title npm pack
8 verbose argv "pack" "--dry-run"
9 verbose logfile logs-max:10 dir:C:\Users\abhir\Downloads\b_GtcaF8inALf\.npm-cache\_logs\2026-05-01T12_44_48_053Z-
10 verbose logfile C:\Users\abhir\Downloads\b_GtcaF8inALf\.npm-cache\_logs\2026-05-01T12_44_48_053Z-debug-0.log
11 silly logfile done cleaning log files
12 http fetch GET https://registry.npmjs.org/npm attempt 1 failed with EACCES
13 silly packumentCache heap:4496293888 maxSize:1124073472 maxEntrySize:562036736
14 notice
15 notice package: easybackend.js@3.0.3
16 notice Tarball Contents
17 notice 766B CHANGELOG.md
17 notice 557B CODE_OF_CONDUCT.md
17 notice 767B CONTRIBUTING.md
17 notice 964B Dockerfile
17 notice 1.1kB LICENSE
17 notice 11.4kB README.md
17 notice 824B SECURITY.md
17 notice 6.6kB adapters/cassandra.js
17 notice 6.5kB adapters/dynamodb.js
17 notice 4.0kB adapters/elasticsearch.js
17 notice 4.0kB adapters/firebase.js
17 notice 4.5kB adapters/libsql.js
17 notice 2.4kB adapters/mongodb.js
17 notice 5.4kB adapters/mssql.js
17 notice 5.7kB adapters/mysql.js
17 notice 4.8kB adapters/neo4j.js
17 notice 965B adapters/optionalPackage.js
17 notice 5.7kB adapters/postgresql.js
17 notice 3.0kB adapters/redis.js
17 notice 5.5kB adapters/sqlite.js
17 notice 3.5kB adapters/supabase.js
17 notice 10.6kB admin/dashboardGenerator.js
17 notice 1.6kB analytics/analyticsManager.js
17 notice 8.8kB app.js
17 notice 17.8kB cli/index.js
17 notice 2.8kB compiler/Compiler.js
17 notice 1.6kB config/env.js
17 notice 364B config/load-balancer.conf
17 notice 3.6kB config/models.js
17 notice 443B conformance/basic.easy
17 notice 5.9kB core/aiProviderManager.js
17 notice 4.6kB core/apiToolkit.js
17 notice 7.6kB core/auth.js
17 notice 2.8kB core/backupManager.js
17 notice 8.3kB core/cache.js
17 notice 3.7kB core/compliance.js
17 notice 10.0kB core/connectionPool.js
17 notice 6.6kB core/database.js
17 notice 3.4kB core/databaseUtils.js
17 notice 10.0kB core/enterpriseAuth.js
17 notice 10.3kB core/graphql.js
17 notice 1.1kB core/graphqlEnhancements.js
17 notice 7.3kB core/jobScheduler.js
17 notice 839B core/logger.js
17 notice 2.4kB core/loggerWinston.js
17 notice 2.4kB core/middleware.js
17 notice 4.1kB core/migrationManager.js
17 notice 9.6kB core/mlEngine.js
17 notice 9.2kB core/monitoring.js
17 notice 2.6kB core/observability.js
17 notice 9.3kB core/plugins.js
17 notice 2.3kB core/queryBuilder.js
17 notice 7.8kB core/queryOptimizer.js
17 notice 11.7kB core/realtime.js
17 notice 2.3kB core/router.js
17 notice 9.1kB core/security.js
17 notice 10.6kB core/threatDetection.js
17 notice 12.5kB core/transactions.js
17 notice 11.7kB core/typescript.js
17 notice 2.7kB core/validator.js
17 notice 2.2kB core/webhookManager.js
17 notice 1.5kB core/websocketEnhancements.js
17 notice 3.4kB docker-compose.yml
17 notice 1.9kB docs/AI_CLOUD_DEVOPS.md
17 notice 465B docs/AST.md
17 notice 534B docs/BACKWARD_COMPATIBILITY.md
17 notice 3.3kB docs/DATABASES.md
17 notice 1.2kB docs/EASY_LANGUAGE.md
17 notice 554B docs/GENERATED_CODE_SECURITY.md
17 notice 1.2kB docs/GETTING_STARTED.md
17 notice 906B docs/IDE.md
17 notice 1.3kB docs/LANGUAGE_SPEC.md
17 notice 3.1kB docs/LIVE_ADAPTERS.md
17 notice 899B docs/RUNTIME_SEMANTICS.md
17 notice 707B docs/SECURITY_DEFAULTS.md
17 notice 375B docs/supabase-live-validation.sql
17 notice 7.7kB docs/swaggerGenerator.js
17 notice 321B ecosystem.config.js
17 notice 6.7kB email/emailService.js
17 notice 720B examples/app.easy
17 notice 7.9kB examples/fullstack-app.easy
17 notice 391B examples/quickstart.easy
17 notice 9.4kB forms/formGenerator.js
17 notice 8.8kB frontend/CSSFrameworkSupport.js
17 notice 8.6kB frontend/ReactGenerator.js
17 notice 12.4kB frontend/UIComponentLibrary.js
17 notice 7.1kB frontend/VueGenerator.js
17 notice 11.6kB fullstack/FullStackBuilder.js
17 notice 2.0kB grammar/easyjs.ebnf
17 notice 143B helm/easyjs/Chart.yaml
17 notice 851B helm/easyjs/templates/_helpers.tpl
17 notice 1.4kB helm/easyjs/templates/deployment.yaml
17 notice 633B helm/easyjs/templates/hpa.yaml
17 notice 729B helm/easyjs/templates/ingress.yaml
17 notice 381B helm/easyjs/templates/service.yaml
17 notice 597B helm/easyjs/values.yaml
17 notice 6.9kB ide/AutoFormatter.js
17 notice 5.1kB ide/intellisenseData.js
17 notice 678B ide/language-configuration.json
17 notice 8.1kB ide/LSPServer.js
17 notice 6.7kB ide/snippets.json
17 notice 8.0kB ide/vscode-extension.js
17 notice 4.9kB index.js
17 notice 894B jest.config.js
17 notice 1.0kB knexfile.js
17 notice 642B language/CompilerPluginAPI.js
17 notice 967B language/Debugger.js
17 notice 570B language/Formatter.js
17 notice 529B language/index.js
17 notice 313B language/LanguageError.js
17 notice 1.4kB language/Linter.js
17 notice 730B language/ModuleResolver.js
17 notice 499B language/PackageRegistry.js
17 notice 845B language/Playground.js
17 notice 1.0kB language/Repl.js
17 notice 512B language/SourceMapGenerator.js
17 notice 595B language/StandardLibrary.js
17 notice 1.5kB language/TypeChecker.js
17 notice 1.8kB microservices/serviceRegistry.js
17 notice 4.4kB middleware/errorHandler.js
17 notice 2.4kB middleware/requestLogger.js
17 notice 767B migrations/001_create_users_table.js
17 notice 9.1kB package.json
17 notice 10.5kB parser/ASTBuilder.js
17 notice 477B parser/Parser.js
17 notice 1.7kB parser/Tokenizer.js
17 notice 8.6kB payments/paymentProcessor.js
17 notice 2.6kB public/apple-icon.png
17 notice 773B public/easyjs-logo-mark.svg
17 notice 889B public/easyjs-logo.svg
17 notice 585B public/icon-dark-32x32.png
17 notice 566B public/icon-light-32x32.png
17 notice 1.3kB public/icon.svg
17 notice 3.3kB routes/health.js
17 notice 7.6kB runtime/RuntimeEngine.js
17 notice 315B seeds/001_demo_seed.js
17 notice 9.4kB storage/cloudStorageManager.js
17 notice 5.0kB terraform/aws/main.tf
17 notice 207B terraform/aws/outputs.tf
17 notice 528B terraform/aws/variables.tf
17 notice 149B terraform/aws/versions.tf
17 notice 1.8kB tests/factories.js
17 notice 3.6kB tests/helpers.js
17 notice 7.9kB tests/integration/api.test.js
17 notice 10.3kB tests/integration/liveAdapters.test.js
17 notice 674B tests/setup.js
17 notice 6.5kB tests/unit/aiProviderManager.test.js
17 notice 5.2kB tests/unit/apiToolkit.test.js
17 notice 4.0kB tests/unit/auth.test.js
17 notice 3.7kB tests/unit/backupManager.test.js
17 notice 5.6kB tests/unit/branchEdges.test.js
17 notice 6.2kB tests/unit/cacheEngine.test.js
17 notice 442B tests/unit/cli.test.js
17 notice 2.9kB tests/unit/cloudStorageManager.test.js
17 notice 2.4kB tests/unit/compliance.test.js
17 notice 6.7kB tests/unit/connectionPool.test.js
17 notice 46.5kB tests/unit/databaseAdapters.test.js
17 notice 7.8kB tests/unit/databaseManager.test.js
17 notice 2.9kB tests/unit/emailService.test.js
17 notice 4.3kB tests/unit/enterpriseAuth.test.js
17 notice 1.7kB tests/unit/errorHandler.test.js
17 notice 4.4kB tests/unit/graphqlModule.test.js
17 notice 2.5kB tests/unit/graphqlWebsocketEnhancements.test.js
17 notice 2.3kB tests/unit/healthRoutes.test.js
17 notice 7.5kB tests/unit/jobScheduler.test.js
17 notice 1.3kB tests/unit/language.test.js
17 notice 3.7kB tests/unit/middleware.test.js
17 notice 4.4kB tests/unit/migrationManager.test.js
17 notice 7.3kB tests/unit/mlEngine.test.js
17 notice 4.8kB tests/unit/monitoring.test.js
17 notice 3.3kB tests/unit/observability.test.js
17 notice 4.6kB tests/unit/paymentProcessor.test.js
17 notice 7.8kB tests/unit/plugins.test.js
17 notice 1.7kB tests/unit/queryBuilder.test.js
17 notice 2.2kB tests/unit/queryOptimizer.test.js
17 notice 8.5kB tests/unit/realtime.test.js
17 notice 1.3kB tests/unit/requestLogger.test.js
17 notice 3.3kB tests/unit/router.test.js
17 notice 3.4kB tests/unit/security.test.js
17 notice 1.1kB tests/unit/sqliteAdapter.test.js
17 notice 5.8kB tests/unit/threatDetection.test.js
17 notice 8.2kB tests/unit/transactions.test.js
17 notice 2.6kB tests/unit/typescriptGenerator.test.js
17 notice 3.0kB tests/unit/utils.test.js
17 notice 1.4kB tests/unit/validator.test.js
17 notice 3.3kB tests/unit/webhookManager.test.js
18 notice Tarball Details
19 notice name: easybackend.js
20 notice version: 3.0.3
21 notice filename: easybackend.js-3.0.3.tgz
22 notice package size: 199.2 kB
23 notice unpacked size: 787.3 kB
24 notice shasum: 5e139e75ed3e92ba692d10a0d206d444bf287e36
25 notice integrity: sha512-1vFaNAQpKQ+W8[...]LNiGLEvU2zDBw==
26 notice total files: 186
27 notice
28 verbose cwd C:\Users\abhir\Downloads\b_GtcaF8inALf
29 verbose os Windows_NT 10.0.26200
30 verbose node v24.14.0
31 verbose npm  v11.9.0
32 verbose exit 0
33 info ok
