0 verbose cli C:\Program Files\nodejs\node.exe C:\Program Files\nodejs\node_modules\npm\bin\npm-cli.js
1 info using npm@11.9.0
2 info using node@v24.14.0
3 silly config load:file:C:\Program Files\nodejs\node_modules\npm\npmrc
4 silly config load:file:C:\Users\abhir\Downloads\b_GtcaF8inALf\.npmrc
5 silly config load:file:C:\Users\abhir\.npmrc
6 silly config load:file:C:\Users\abhir\AppData\Roaming\npm\etc\npmrc
7 verbose title npm pack
8 verbose argv "pack" "--dry-run"
9 verbose logfile logs-max:10 dir:C:\Users\abhir\Downloads\b_GtcaF8inALf\.npm-cache\_logs\2026-05-01T12_57_30_181Z-
10 verbose logfile C:\Users\abhir\Downloads\b_GtcaF8inALf\.npm-cache\_logs\2026-05-01T12_57_30_181Z-debug-0.log
11 silly logfile done cleaning log files
12 silly packumentCache heap:4496293888 maxSize:1124073472 maxEntrySize:562036736
13 notice
14 notice package: easybackend.js@3.0.4
15 notice Tarball Contents
16 notice 766B CHANGELOG.md
16 notice 557B CODE_OF_CONDUCT.md
16 notice 767B CONTRIBUTING.md
16 notice 964B Dockerfile
16 notice 1.1kB LICENSE
16 notice 11.4kB README.md
16 notice 824B SECURITY.md
16 notice 6.6kB adapters/cassandra.js
16 notice 6.5kB adapters/dynamodb.js
16 notice 4.0kB adapters/elasticsearch.js
16 notice 4.0kB adapters/firebase.js
16 notice 4.5kB adapters/libsql.js
16 notice 2.4kB adapters/mongodb.js
16 notice 5.4kB adapters/mssql.js
16 notice 5.7kB adapters/mysql.js
16 notice 4.8kB adapters/neo4j.js
16 notice 965B adapters/optionalPackage.js
16 notice 5.7kB adapters/postgresql.js
16 notice 3.0kB adapters/redis.js
16 notice 5.5kB adapters/sqlite.js
16 notice 3.5kB adapters/supabase.js
16 notice 10.6kB admin/dashboardGenerator.js
16 notice 1.6kB analytics/analyticsManager.js
16 notice 8.8kB app.js
16 notice 17.8kB cli/index.js
16 notice 2.8kB compiler/Compiler.js
16 notice 1.6kB config/env.js
16 notice 364B config/load-balancer.conf
16 notice 3.6kB config/models.js
16 notice 443B conformance/basic.easy
16 notice 5.9kB core/aiProviderManager.js
16 notice 4.6kB core/apiToolkit.js
16 notice 7.6kB core/auth.js
16 notice 2.8kB core/backupManager.js
16 notice 8.3kB core/cache.js
16 notice 3.7kB core/compliance.js
16 notice 10.0kB core/connectionPool.js
16 notice 6.6kB core/database.js
16 notice 3.4kB core/databaseUtils.js
16 notice 10.0kB core/enterpriseAuth.js
16 notice 10.3kB core/graphql.js
16 notice 1.1kB core/graphqlEnhancements.js
16 notice 7.3kB core/jobScheduler.js
16 notice 839B core/logger.js
16 notice 2.4kB core/loggerWinston.js
16 notice 2.4kB core/middleware.js
16 notice 4.1kB core/migrationManager.js
16 notice 9.6kB core/mlEngine.js
16 notice 9.2kB core/monitoring.js
16 notice 2.6kB core/observability.js
16 notice 9.3kB core/plugins.js
16 notice 2.3kB core/queryBuilder.js
16 notice 7.8kB core/queryOptimizer.js
16 notice 11.7kB core/realtime.js
16 notice 2.3kB core/router.js
16 notice 9.1kB core/security.js
16 notice 10.6kB core/threatDetection.js
16 notice 12.5kB core/transactions.js
16 notice 11.7kB core/typescript.js
16 notice 2.7kB core/validator.js
16 notice 2.2kB core/webhookManager.js
16 notice 1.5kB core/websocketEnhancements.js
16 notice 3.4kB docker-compose.yml
16 notice 1.9kB docs/AI_CLOUD_DEVOPS.md
16 notice 465B docs/AST.md
16 notice 534B docs/BACKWARD_COMPATIBILITY.md
16 notice 3.3kB docs/DATABASES.md
16 notice 1.2kB docs/EASY_LANGUAGE.md
16 notice 554B docs/GENERATED_CODE_SECURITY.md
16 notice 1.2kB docs/GETTING_STARTED.md
16 notice 906B docs/IDE.md
16 notice 1.3kB docs/LANGUAGE_SPEC.md
16 notice 3.1kB docs/LIVE_ADAPTERS.md
16 notice 899B docs/RUNTIME_SEMANTICS.md
16 notice 707B docs/SECURITY_DEFAULTS.md
16 notice 375B docs/supabase-live-validation.sql
16 notice 7.7kB docs/swaggerGenerator.js
16 notice 321B ecosystem.config.js
16 notice 6.7kB email/emailService.js
16 notice 720B examples/app.easy
16 notice 7.9kB examples/fullstack-app.easy
16 notice 391B examples/quickstart.easy
16 notice 9.4kB forms/formGenerator.js
16 notice 8.8kB frontend/CSSFrameworkSupport.js
16 notice 8.6kB frontend/ReactGenerator.js
16 notice 12.4kB frontend/UIComponentLibrary.js
16 notice 7.1kB frontend/VueGenerator.js
16 notice 11.6kB fullstack/FullStackBuilder.js
16 notice 2.0kB grammar/easyjs.ebnf
16 notice 143B helm/easyjs/Chart.yaml
16 notice 851B helm/easyjs/templates/_helpers.tpl
16 notice 1.4kB helm/easyjs/templates/deployment.yaml
16 notice 633B helm/easyjs/templates/hpa.yaml
16 notice 729B helm/easyjs/templates/ingress.yaml
16 notice 381B helm/easyjs/templates/service.yaml
16 notice 597B helm/easyjs/values.yaml
16 notice 6.9kB ide/AutoFormatter.js
16 notice 5.1kB ide/intellisenseData.js
16 notice 678B ide/language-configuration.json
16 notice 8.1kB ide/LSPServer.js
16 notice 6.7kB ide/snippets.json
16 notice 8.0kB ide/vscode-extension.js
16 notice 4.9kB index.js
16 notice 894B jest.config.js
16 notice 1.0kB knexfile.js
16 notice 642B language/CompilerPluginAPI.js
16 notice 967B language/Debugger.js
16 notice 570B language/Formatter.js
16 notice 529B language/index.js
16 notice 313B language/LanguageError.js
16 notice 1.4kB language/Linter.js
16 notice 730B language/ModuleResolver.js
16 notice 499B language/PackageRegistry.js
16 notice 845B language/Playground.js
16 notice 1.0kB language/Repl.js
16 notice 512B language/SourceMapGenerator.js
16 notice 595B language/StandardLibrary.js
16 notice 1.5kB language/TypeChecker.js
16 notice 1.8kB microservices/serviceRegistry.js
16 notice 4.4kB middleware/errorHandler.js
16 notice 2.4kB middleware/requestLogger.js
16 notice 767B migrations/001_create_users_table.js
16 notice 9.1kB package.json
16 notice 10.5kB parser/ASTBuilder.js
16 notice 477B parser/Parser.js
16 notice 1.7kB parser/Tokenizer.js
16 notice 8.6kB payments/paymentProcessor.js
16 notice 2.6kB public/apple-icon.png
16 notice 773B public/easyjs-logo-mark.svg
16 notice 889B public/easyjs-logo.svg
16 notice 585B public/icon-dark-32x32.png
16 notice 566B public/icon-light-32x32.png
16 notice 1.3kB public/icon.svg
16 notice 3.3kB routes/health.js
16 notice 7.6kB runtime/RuntimeEngine.js
16 notice 315B seeds/001_demo_seed.js
16 notice 9.4kB storage/cloudStorageManager.js
16 notice 5.0kB terraform/aws/main.tf
16 notice 207B terraform/aws/outputs.tf
16 notice 528B terraform/aws/variables.tf
16 notice 149B terraform/aws/versions.tf
16 notice 1.8kB tests/factories.js
16 notice 3.6kB tests/helpers.js
16 notice 7.9kB tests/integration/api.test.js
16 notice 10.3kB tests/integration/liveAdapters.test.js
16 notice 674B tests/setup.js
16 notice 6.5kB tests/unit/aiProviderManager.test.js
16 notice 5.2kB tests/unit/apiToolkit.test.js
16 notice 4.0kB tests/unit/auth.test.js
16 notice 3.7kB tests/unit/backupManager.test.js
16 notice 5.6kB tests/unit/branchEdges.test.js
16 notice 6.2kB tests/unit/cacheEngine.test.js
16 notice 442B tests/unit/cli.test.js
16 notice 2.9kB tests/unit/cloudStorageManager.test.js
16 notice 2.4kB tests/unit/compliance.test.js
16 notice 6.7kB tests/unit/connectionPool.test.js
16 notice 46.5kB tests/unit/databaseAdapters.test.js
16 notice 7.8kB tests/unit/databaseManager.test.js
16 notice 2.9kB tests/unit/emailService.test.js
16 notice 4.3kB tests/unit/enterpriseAuth.test.js
16 notice 1.7kB tests/unit/errorHandler.test.js
16 notice 4.4kB tests/unit/graphqlModule.test.js
16 notice 2.5kB tests/unit/graphqlWebsocketEnhancements.test.js
16 notice 2.3kB tests/unit/healthRoutes.test.js
16 notice 7.5kB tests/unit/jobScheduler.test.js
16 notice 1.3kB tests/unit/language.test.js
16 notice 3.7kB tests/unit/middleware.test.js
16 notice 4.4kB tests/unit/migrationManager.test.js
16 notice 7.3kB tests/unit/mlEngine.test.js
16 notice 4.8kB tests/unit/monitoring.test.js
16 notice 3.3kB tests/unit/observability.test.js
16 notice 4.6kB tests/unit/paymentProcessor.test.js
16 notice 7.8kB tests/unit/plugins.test.js
16 notice 1.7kB tests/unit/queryBuilder.test.js
16 notice 2.2kB tests/unit/queryOptimizer.test.js
16 notice 8.5kB tests/unit/realtime.test.js
16 notice 1.3kB tests/unit/requestLogger.test.js
16 notice 3.3kB tests/unit/router.test.js
16 notice 3.4kB tests/unit/security.test.js
16 notice 1.1kB tests/unit/sqliteAdapter.test.js
16 notice 5.8kB tests/unit/threatDetection.test.js
16 notice 8.2kB tests/unit/transactions.test.js
16 notice 2.6kB tests/unit/typescriptGenerator.test.js
16 notice 3.0kB tests/unit/utils.test.js
16 notice 1.4kB tests/unit/validator.test.js
16 notice 3.3kB tests/unit/webhookManager.test.js
16 notice 1.9kB verify-dependencies.js
17 notice Tarball Details
18 notice name: easybackend.js
19 notice version: 3.0.4
20 notice filename: easybackend.js-3.0.4.tgz
21 notice package size: 199.9 kB
22 notice unpacked size: 789.2 kB
23 notice shasum: 49dd9616c403d2bd49c3700e98500d7c464fec76
24 notice integrity: sha512-acrcC0P9+wCZq[...]Rm9N4ghJdKNPA==
25 notice total files: 187
26 notice
27 verbose cwd C:\Users\abhir\Downloads\b_GtcaF8inALf
28 verbose os Windows_NT 10.0.26200
29 verbose node v24.14.0
30 verbose npm  v11.9.0
31 verbose exit 0
32 info ok
